<?xml version="1.0" encoding="UTF-8"?>
<testng-results skipped="0" failed="0" total="1" passed="1">
  <reporter-output>
  </reporter-output>
  <suite name="TestNgSuite" duration-ms="16925" started-at="2020-03-22T20:53:07Z" finished-at="2020-03-22T20:53:24Z">
    <groups>
    </groups>
    <test name="chrome test" duration-ms="16925" started-at="2020-03-22T20:53:07Z" finished-at="2020-03-22T20:53:24Z">
      <class name="Xero_Pack.Xero_Test">
        <test-method status="PASS" signature="Initialize(java.lang.String)[pri:0, instance:Xero_Pack.Xero_Test@68c4039c]" name="Initialize" is-config="true" duration-ms="1773" started-at="2020-03-22T13:53:07Z" finished-at="2020-03-22T13:53:09Z">
          <params>
            <param index="0">
              <value>
                <![CDATA[chrome]]>
              </value>
            </param>
          </params>
          <reporter-output>
          </reporter-output>
        </test-method> <!-- Initialize -->
        <test-method status="PASS" signature="TC_ID_01_A_NavigateTOXero()[pri:0, instance:Xero_Pack.Xero_Test@68c4039c]" name="TC_ID_01_A_NavigateTOXero" duration-ms="14835" started-at="2020-03-22T13:53:09Z" finished-at="2020-03-22T13:53:24Z">
          <reporter-output>
          </reporter-output>
        </test-method> <!-- TC_ID_01_A_NavigateTOXero -->
        <test-method status="PASS" signature="cleanup()[pri:0, instance:Xero_Pack.Xero_Test@68c4039c]" name="cleanup" is-config="true" duration-ms="301" started-at="2020-03-22T13:53:24Z" finished-at="2020-03-22T13:53:24Z">
          <reporter-output>
          </reporter-output>
        </test-method> <!-- cleanup -->
      </class> <!-- Xero_Pack.Xero_Test -->
    </test> <!-- chrome test -->
  </suite> <!-- TestNgSuite -->
</testng-results>
