<?xml version="1.0" encoding="UTF-8"?>
<testng-results skipped="0" failed="0" total="1" passed="1">
  <reporter-output>
  </reporter-output>
  <suite name="TestNgSuite" duration-ms="16559" started-at="2020-03-23T13:39:41Z" finished-at="2020-03-23T13:39:58Z">
    <groups>
    </groups>
    <test name="ChromeTest" duration-ms="16559" started-at="2020-03-23T13:39:41Z" finished-at="2020-03-23T13:39:58Z">
      <class name="Xero_Pack.Xero_Test">
        <test-method status="PASS" signature="Initialize(java.lang.String)[pri:0, instance:Xero_Pack.Xero_Test@6108b2d7]" name="Initialize" is-config="true" duration-ms="1957" started-at="2020-03-23T06:39:41Z" finished-at="2020-03-23T06:39:43Z">
          <params>
            <param index="0">
              <value>
                <![CDATA[chrome]]>
              </value>
            </param>
          </params>
          <reporter-output>
          </reporter-output>
        </test-method> <!-- Initialize -->
        <test-method status="PASS" signature="TC_ID_01_A_NavigateTOXero()[pri:0, instance:Xero_Pack.Xero_Test@6108b2d7]" name="TC_ID_01_A_NavigateTOXero" duration-ms="14230" started-at="2020-03-23T06:39:43Z" finished-at="2020-03-23T06:39:57Z">
          <reporter-output>
          </reporter-output>
        </test-method> <!-- TC_ID_01_A_NavigateTOXero -->
        <test-method status="PASS" signature="cleanup()[pri:0, instance:Xero_Pack.Xero_Test@6108b2d7]" name="cleanup" is-config="true" duration-ms="363" started-at="2020-03-23T06:39:57Z" finished-at="2020-03-23T06:39:58Z">
          <reporter-output>
          </reporter-output>
        </test-method> <!-- cleanup -->
      </class> <!-- Xero_Pack.Xero_Test -->
    </test> <!-- ChromeTest -->
  </suite> <!-- TestNgSuite -->
</testng-results>
